C:\Program Files (x86)\MSBuild\Microsoft.Cpp\v4.0\V140\Microsoft.CppBuild.targets(368,5): warning MSB8004: Output Directory does not end with a trailing slash.  This build instance will add the slash as it is required to allow proper evaluation of the Output Directory.
  Generating code
d:\steamlibrary\steamapps\common\skyrim\data\webservicetest\webservicetest\webservicetest.cpp : fatal error C1001: An internal error has occurred in the compiler.
  (compiler file 'f:\dd\vctools\compiler\utc\src\p2\main.c', line 246)
   To work around this problem, try simplifying or changing the program near the locations listed above.
  Please choose the Technical Support command on the Visual C++ 
   Help menu, or open the Technical Support help file for more information
    link!RaiseException()+0x48
    link!RaiseException()+0x48
    link!CxxThrowException()+0x65
    link!std::_Xout_of_range()+0x1f
    link!InvokeCompilerPass()+0x254d3
    link!InvokeCompilerPass()+0x183a8
    link!InvokeCompilerPass()+0x1831e
    link!InvokeCompilerPass()+0x185bf
    link!InvokeCompilerPass()+0x1831e
    link!InvokeCompilerPass()+0x18755
    link!InvokeCompilerPass()+0x18689
    link!InvokeCompilerPass()+0x1b4a6
    link!InvokeCompilerPass()+0x1af59
    link!DllGetC2Telemetry()+0xe6ea3
  
d:\steamlibrary\steamapps\common\skyrim\data\webservicetest\webservicetest\webservicetest.cpp : fatal error C1001: An internal error has occurred in the compiler.
  (compiler file 'f:\dd\vctools\compiler\utc\src\p2\main.c', line 246)
   To work around this problem, try simplifying or changing the program near the locations listed above.
  Please choose the Technical Support command on the Visual C++ 
   Help menu, or open the Technical Support help file for more information
    link!RaiseException()+0x48
    link!CxxThrowException()+0x65
    link!std::_Xout_of_range()+0x1f
    link!InvokeCompilerPass()+0x254d3
    link!InvokeCompilerPass()+0x183a8
    link!InvokeCompilerPass()+0x1831e
    link!InvokeCompilerPass()+0x185bf
    link!InvokeCompilerPass()+0x1831e
    link!InvokeCompilerPass()+0x18755
    link!InvokeCompilerPass()+0x18689
    link!InvokeCompilerPass()+0x1b4a6
    link!InvokeCompilerPass()+0x1af59
    link!DllGetC2Telemetry()+0xe6ea3
  
LINK : fatal error LNK1257: code generation failed
